<?xml version="1.0" encoding="UTF-8"?>
<testsuite xmlns:xsi="http://www.w3.org/2001/XMLSchema-instance" xsi:noNamespaceSchemaLocation="https://maven.apache.org/surefire/maven-surefire-plugin/xsd/surefire-test-report-3.0.xsd" version="3.0" name="client.ClientTests" time="4.211" tests="5" errors="0" skipped="0" failures="0">
  <properties>
    <property name="java.specification.version" value="17"/>
    <property name="sun.jnu.encoding" value="UTF-8"/>
    <property name="java.class.path" value="/mnt/c/Users/ferna/Desktop/SD-Project/target/test-classes:/mnt/c/Users/ferna/Desktop/SD-Project/target/classes:/home/ferjpires/.m2/repository/org/junit/jupiter/junit-jupiter/5.10.0/junit-jupiter-5.10.0.jar:/home/ferjpires/.m2/repository/org/junit/jupiter/junit-jupiter-api/5.10.0/junit-jupiter-api-5.10.0.jar:/home/ferjpires/.m2/repository/org/opentest4j/opentest4j/1.3.0/opentest4j-1.3.0.jar:/home/ferjpires/.m2/repository/org/junit/platform/junit-platform-commons/1.10.0/junit-platform-commons-1.10.0.jar:/home/ferjpires/.m2/repository/org/junit/jupiter/junit-jupiter-params/5.10.0/junit-jupiter-params-5.10.0.jar:/home/ferjpires/.m2/repository/org/junit/jupiter/junit-jupiter-engine/5.10.0/junit-jupiter-engine-5.10.0.jar:/home/ferjpires/.m2/repository/org/junit/platform/junit-platform-engine/1.10.0/junit-platform-engine-1.10.0.jar:/home/ferjpires/.m2/repository/org/apiguardian/apiguardian-api/1.1.2/apiguardian-api-1.1.2.jar:"/>
    <property name="java.vm.vendor" value="Ubuntu"/>
    <property name="sun.arch.data.model" value="64"/>
    <property name="java.vendor.url" value="https://ubuntu.com/"/>
    <property name="os.name" value="Linux"/>
    <property name="java.vm.specification.version" value="17"/>
    <property name="sun.java.launcher" value="SUN_STANDARD"/>
    <property name="sun.boot.library.path" value="/usr/lib/jvm/java-17-openjdk-amd64/lib"/>
    <property name="sun.java.command" value="/mnt/c/Users/ferna/Desktop/SD-Project/target/surefire/surefirebooter-20241224155814577_3.jar /mnt/c/Users/ferna/Desktop/SD-Project/target/surefire 2024-12-24T15-58-14_483-jvmRun1 surefire-20241224155814577_1tmp surefire_0-20241224155814577_2tmp"/>
    <property name="jdk.debug" value="release"/>
    <property name="surefire.test.class.path" value="/mnt/c/Users/ferna/Desktop/SD-Project/target/test-classes:/mnt/c/Users/ferna/Desktop/SD-Project/target/classes:/home/ferjpires/.m2/repository/org/junit/jupiter/junit-jupiter/5.10.0/junit-jupiter-5.10.0.jar:/home/ferjpires/.m2/repository/org/junit/jupiter/junit-jupiter-api/5.10.0/junit-jupiter-api-5.10.0.jar:/home/ferjpires/.m2/repository/org/opentest4j/opentest4j/1.3.0/opentest4j-1.3.0.jar:/home/ferjpires/.m2/repository/org/junit/platform/junit-platform-commons/1.10.0/junit-platform-commons-1.10.0.jar:/home/ferjpires/.m2/repository/org/junit/jupiter/junit-jupiter-params/5.10.0/junit-jupiter-params-5.10.0.jar:/home/ferjpires/.m2/repository/org/junit/jupiter/junit-jupiter-engine/5.10.0/junit-jupiter-engine-5.10.0.jar:/home/ferjpires/.m2/repository/org/junit/platform/junit-platform-engine/1.10.0/junit-platform-engine-1.10.0.jar:/home/ferjpires/.m2/repository/org/apiguardian/apiguardian-api/1.1.2/apiguardian-api-1.1.2.jar:"/>
    <property name="sun.cpu.endian" value="little"/>
    <property name="user.home" value="/home/ferjpires"/>
    <property name="user.language" value="en"/>
    <property name="java.specification.vendor" value="Oracle Corporation"/>
    <property name="java.version.date" value="2024-10-15"/>
    <property name="java.home" value="/usr/lib/jvm/java-17-openjdk-amd64"/>
    <property name="file.separator" value="/"/>
    <property name="basedir" value="/mnt/c/Users/ferna/Desktop/SD-Project"/>
    <property name="java.vm.compressedOopsMode" value="32-bit"/>
    <property name="line.separator" value="&#10;"/>
    <property name="java.vm.specification.vendor" value="Oracle Corporation"/>
    <property name="java.specification.name" value="Java Platform API Specification"/>
    <property name="surefire.real.class.path" value="/mnt/c/Users/ferna/Desktop/SD-Project/target/surefire/surefirebooter-20241224155814577_3.jar"/>
    <property name="sun.management.compiler" value="HotSpot 64-Bit Tiered Compilers"/>
    <property name="java.runtime.version" value="17.0.13+11-Ubuntu-2ubuntu122.04"/>
    <property name="user.name" value="ferjpires"/>
    <property name="path.separator" value=":"/>
    <property name="os.version" value="5.15.167.4-microsoft-standard-WSL2"/>
    <property name="java.runtime.name" value="OpenJDK Runtime Environment"/>
    <property name="file.encoding" value="UTF-8"/>
    <property name="java.vm.name" value="OpenJDK 64-Bit Server VM"/>
    <property name="localRepository" value="/home/ferjpires/.m2/repository"/>
    <property name="java.vendor.url.bug" value="https://bugs.launchpad.net/ubuntu/+source/openjdk-17"/>
    <property name="java.io.tmpdir" value="/tmp"/>
    <property name="java.version" value="17.0.13"/>
    <property name="user.dir" value="/mnt/c/Users/ferna/Desktop/SD-Project"/>
    <property name="os.arch" value="amd64"/>
    <property name="java.vm.specification.name" value="Java Virtual Machine Specification"/>
    <property name="native.encoding" value="UTF-8"/>
    <property name="java.library.path" value="/usr/java/packages/lib:/usr/lib/x86_64-linux-gnu/jni:/lib/x86_64-linux-gnu:/usr/lib/x86_64-linux-gnu:/usr/lib/jni:/lib:/usr/lib"/>
    <property name="java.vm.info" value="mixed mode, sharing"/>
    <property name="java.vendor" value="Ubuntu"/>
    <property name="java.vm.version" value="17.0.13+11-Ubuntu-2ubuntu122.04"/>
    <property name="java.specification.maintenance.version" value="1"/>
    <property name="sun.io.unicode.encoding" value="UnicodeLittle"/>
    <property name="java.class.version" value="61.0"/>
  </properties>
  <testcase name="testMultipleClients" classname="client.ClientTests" time="0.296">
    <system-out><![CDATA[Server waiting for clients on port 12345...
Client connected: 127.0.0.1
Client connected: 127.0.0.1
Client connected: 127.0.0.1
Client connected: 127.0.0.1
Client connected: 127.0.0.1
userMultiCli0 authenticated!
userMultiCli1 authenticated!
userMultiCli2 authenticated!
userMultiCli4 authenticated!
userMultiCli3 authenticated!
User logged out. Number of active sessions: 3
User logged out. Number of active sessions: 2
User logged out. Number of active sessions: 3
User logged out. Number of active sessions: 1
User logged out. Number of active sessions: 0
]]></system-out>
  </testcase>
  <testcase name="testPutAndGetCommand" classname="client.ClientTests" time="0.35">
    <system-out><![CDATA[Client connected: 127.0.0.1
userPutAndGet authenticated!
User logged out. Number of active sessions: 0
]]></system-out>
  </testcase>
  <testcase name="testHighConcurrency" classname="client.ClientTests" time="0.898">
    <system-out><![CDATA[Client connected: 127.0.0.1
Client connected: 127.0.0.1
Client connected: 127.0.0.1
Client connected: 127.0.0.1
Client connected: 127.0.0.1
Client connected: 127.0.0.1
Client connected: 127.0.0.1
Client connected: 127.0.0.1
Client connected: 127.0.0.1
Client connected: 127.0.0.1
Client connected: 127.0.0.1
Client connected: 127.0.0.1
Client connected: 127.0.0.1
Client connected: 127.0.0.1
Client connected: 127.0.0.1
Client connected: 127.0.0.1
Client connected: 127.0.0.1
Client connected: 127.0.0.1
userHigh2 authenticated!
userHigh9 authenticated!
userHigh4 authenticated!
userHigh3 authenticated!
userHigh8 authenticated!
userHigh5 authenticated!
userHigh11 authenticated!
userHigh7 authenticated!
userHigh6 authenticated!
userHigh1 authenticated!
Client connected: 127.0.0.1
Client connected: 127.0.0.1
Client connected: 127.0.0.1
Client connected: 127.0.0.1
Client connected: 127.0.0.1
Client connected: 127.0.0.1
Client connected: 127.0.0.1
Client connected: 127.0.0.1
Client connected: 127.0.0.1
Client connected: 127.0.0.1
Client connected: 127.0.0.1
Client connected: 127.0.0.1
Client connected: 127.0.0.1
Client connected: 127.0.0.1
Client connected: 127.0.0.1
Client connected: 127.0.0.1
Client connected: 127.0.0.1
Client connected: 127.0.0.1
Client connected: 127.0.0.1
Client connected: 127.0.0.1
Client connected: 127.0.0.1
Client connected: 127.0.0.1
Client connected: 127.0.0.1
Client connected: 127.0.0.1
Client connected: 127.0.0.1
Client connected: 127.0.0.1
Client connected: 127.0.0.1
Client connected: 127.0.0.1
Client connected: 127.0.0.1
Client connected: 127.0.0.1
Client connected: 127.0.0.1
Client connected: 127.0.0.1
User logged out. Number of active sessions: 9
userHigh16 authenticated!
userHigh14 authenticated!
User logged out. Number of active sessions: 9
User logged out. Number of active sessions: 9
userHigh13 authenticated!
User logged out. Number of active sessions: 7
userHigh10 authenticated!
User logged out. Number of active sessions: 7
userHigh12 authenticated!
User logged out. Number of active sessions: 8
userHigh0 authenticated!
User logged out. Number of active sessions: 9
userHigh17 authenticated!
User logged out. Number of active sessions: 9
User logged out. Number of active sessions: 8
userHigh15 authenticated!
userHigh18 authenticated!
User logged out. Number of active sessions: 9
userHigh19 authenticated!
User logged out. Number of active sessions: 9
userHigh20 authenticated!
User logged out. Number of active sessions: 9
userHigh21 authenticated!
User logged out. Number of active sessions: 9
User logged out. Number of active sessions: 8
userHigh40 authenticated!
userHigh22 authenticated!
User logged out. Number of active sessions: 9
userHigh33 authenticated!
User logged out. Number of active sessions: 8
User logged out. Number of active sessions: 9
userHigh31 authenticated!
userHigh41 authenticated!
User logged out. Number of active sessions: 9
User logged out. Number of active sessions: 7
User logged out. Number of active sessions: 8
userHigh25 authenticated!
userHigh43 authenticated!
userHigh37 authenticated!
User logged out. Number of active sessions: 7
User logged out. Number of active sessions: 8
User logged out. Number of active sessions: 8
userHigh36 authenticated!
userHigh45 authenticated!
userHigh32 authenticated!
User logged out. Number of active sessions: 8
User logged out. Number of active sessions: 7
User logged out. Number of active sessions: 9
userHigh38 authenticated!
userHigh48 authenticated!
userHigh26 authenticated!
User logged out. Number of active sessions: 10
userHigh29 authenticated!
User logged out. Number of active sessions: 9
User logged out. Number of active sessions: 9
userHigh28 authenticated!
User logged out. Number of active sessions: 8
userHigh47 authenticated!
userHigh27 authenticated!
User logged out. Number of active sessions: 9
userHigh34 authenticated!
User logged out. Number of active sessions: 9
userHigh46 authenticated!
User logged out. Number of active sessions: 9
User logged out. Number of active sessions: 9
userHigh23 authenticated!
userHigh30 authenticated!
User logged out. Number of active sessions: 9
userHigh42 authenticated!
User logged out. Number of active sessions: 9
userHigh24 authenticated!
userHigh44 authenticated!
User logged out. Number of active sessions: 9
User logged out. Number of active sessions: 7
User logged out. Number of active sessions: 8
User logged out. Number of active sessions: 8
userHigh39 authenticated!
userHigh49 authenticated!
userHigh35 authenticated!
User logged out. Number of active sessions: 9
User logged out. Number of active sessions: 8
User logged out. Number of active sessions: 7
User logged out. Number of active sessions: 6
User logged out. Number of active sessions: 5
User logged out. Number of active sessions: 4
User logged out. Number of active sessions: 3
User logged out. Number of active sessions: 1
User logged out. Number of active sessions: 2
User logged out. Number of active sessions: 0
]]></system-out>
  </testcase>
  <testcase name="testMultiPutAndMultiGet" classname="client.ClientTests" time="0.361">
    <system-out><![CDATA[Client connected: 127.0.0.1
userMulti authenticated!
User logged out. Number of active sessions: 0
]]></system-out>
  </testcase>
  <testcase name="testInvalidInputs" classname="client.ClientTests" time="0.247">
    <system-out><![CDATA[Client connected: 127.0.0.1
userInvalid authenticated!
User logged out. Number of active sessions: 0
]]></system-out>
  </testcase>
</testsuite>